<?xml version="1.0" encoding="UTF-8"?>
<testng-results skipped="0" failed="0" ignored="0" total="1" passed="1">
  <reporter-output>
  </reporter-output>
  <suite name="InetBanking" duration-ms="16246" started-at="2019-11-30T15:14:28Z" finished-at="2019-11-30T15:14:44Z">
    <groups>
    </groups>
    <test name="Banking Test" duration-ms="16246" started-at="2019-11-30T15:14:28Z" finished-at="2019-11-30T15:14:44Z">
      <class name="com.testCases.TC_LoginTest_001">
        <test-method status="PASS" signature="setup(java.lang.String)[pri:0, instance:com.testCases.TC_LoginTest_001@57829d67]" name="setup" is-config="true" duration-ms="8841" started-at="2019-11-30T15:14:28Z" finished-at="2019-11-30T15:14:37Z">
          <params>
            <param index="0">
              <value>
                <![CDATA[chrome]]>
              </value>
            </param>
          </params>
          <reporter-output>
          </reporter-output>
        </test-method> <!-- setup -->
        <test-method status="PASS" signature="loginTest()[pri:0, instance:com.testCases.TC_LoginTest_001@57829d67]" name="loginTest" duration-ms="6582" started-at="2019-11-30T15:14:37Z" finished-at="2019-11-30T15:14:44Z">
          <reporter-output>
          </reporter-output>
        </test-method> <!-- loginTest -->
        <test-method status="PASS" signature="tearDown()[pri:0, instance:com.testCases.TC_LoginTest_001@57829d67]" name="tearDown" is-config="true" duration-ms="659" started-at="2019-11-30T15:14:44Z" finished-at="2019-11-30T15:14:44Z">
          <reporter-output>
          </reporter-output>
        </test-method> <!-- tearDown -->
      </class> <!-- com.testCases.TC_LoginTest_001 -->
    </test> <!-- Banking Test -->
  </suite> <!-- InetBanking -->
</testng-results>
